umeng/build/outputs/logs/manifest-merger-debug-report.txt
-- Merging decision tree log ---
manifest
ADDED from src\main\AndroidManifest.xml:1:1-116:12
INJECTED from src\main\AndroidManifest.xml:1:1-116:12
INJECTED from src\main\AndroidManifest.xml:1:1-116:12
	package
		ADDED from src\main\AndroidManifest.xml:3:5-28
		INJECTED from src\main\AndroidManifest.xml
		INJECTED from src\main\AndroidManifest.xml
	xmlns:tools
		ADDED from src\main\AndroidManifest.xml:1:11-57
	xmlns:android
		ADDED from src\main\AndroidManifest.xml:2:5-63
uses-permission#android.permission.ACCESS_NETWORK_STATE
ADDED from src\main\AndroidManifest.xml:6:5-78
	android:name
		ADDED from src\main\AndroidManifest.xml:6:22-76
uses-permission#android.permission.ACCESS_WIFI_STATE
ADDED from src\main\AndroidManifest.xml:7:5-75
	android:name
		ADDED from src\main\AndroidManifest.xml:7:22-73
uses-permission#android.permission.READ_PHONE_STATE
ADDED from src\main\AndroidManifest.xml:8:5-74
	android:name
		ADDED from src\main\AndroidManifest.xml:8:22-72
uses-permission#android.permission.INTERNET
ADDED from src\main\AndroidManifest.xml:9:5-66
	android:name
		ADDED from src\main\AndroidManifest.xml:9:22-64
uses-permission#android.permission.WRITE_EXTERNAL_STORAGE
ADDED from src\main\AndroidManifest.xml:15:5-80
	android:name
		ADDED from src\main\AndroidManifest.xml:15:22-78
uses-permission#android.permission.READ_EXTERNAL_STORAGE
ADDED from src\main\AndroidManifest.xml:16:5-79
	android:name
		ADDED from src\main\AndroidManifest.xml:16:22-77
uses-permission#android.permission.WAKE_LOCK
ADDED from src\main\AndroidManifest.xml:17:5-68
	android:name
		ADDED from src\main\AndroidManifest.xml:17:22-65
uses-permission#android.permission.CHANGE_NETWORK_STATE
ADDED from src\main\AndroidManifest.xml:18:5-79
	android:name
		ADDED from src\main\AndroidManifest.xml:18:22-76
uses-permission#android.permission.GET_TASKS
ADDED from src\main\AndroidManifest.xml:19:5-68
	android:name
		ADDED from src\main\AndroidManifest.xml:19:22-65
uses-permission#android.permission.RECEIVE_BOOT_COMPLETED
ADDED from src\main\AndroidManifest.xml:20:5-81
	android:name
		ADDED from src\main\AndroidManifest.xml:20:22-78
uses-permission#android.permission.CAMERA
ADDED from src\main\AndroidManifest.xml:21:5-65
	android:name
		ADDED from src\main\AndroidManifest.xml:21:22-62
uses-permission#android.permission.VIBRATE
ADDED from src\main\AndroidManifest.xml:22:5-66
	android:name
		ADDED from src\main\AndroidManifest.xml:22:22-63
application
ADDED from src\main\AndroidManifest.xml:25:5-114:19
meta-data#UMENG_CHANNEL
ADDED from src\main\AndroidManifest.xml:28:9-30:51
	android:value
		ADDED from src\main\AndroidManifest.xml:30:13-48
	android:name
		ADDED from src\main\AndroidManifest.xml:29:13-41
meta-data#UMENG_APPKEY
ADDED from src\main\AndroidManifest.xml:34:9-36:50
	android:value
		ADDED from src\main\AndroidManifest.xml:36:13-47
	android:name
		ADDED from src\main\AndroidManifest.xml:35:13-40
meta-data#QQ_APPID
ADDED from src\main\AndroidManifest.xml:39:9-41:46
	android:value
		ADDED from src\main\AndroidManifest.xml:41:13-43
	android:name
		ADDED from src\main\AndroidManifest.xml:40:13-36
meta-data#QQ_APPKEY
ADDED from src\main\AndroidManifest.xml:43:9-45:47
	android:value
		ADDED from src\main\AndroidManifest.xml:45:13-44
	android:name
		ADDED from src\main\AndroidManifest.xml:44:13-37
meta-data#WX_APPID
ADDED from src\main\AndroidManifest.xml:48:9-50:46
	android:value
		ADDED from src\main\AndroidManifest.xml:50:13-43
	android:name
		ADDED from src\main\AndroidManifest.xml:49:13-36
meta-data#WX_APPKEY
ADDED from src\main\AndroidManifest.xml:52:9-54:47
	android:value
		ADDED from src\main\AndroidManifest.xml:54:13-44
	android:name
		ADDED from src\main\AndroidManifest.xml:53:13-37
meta-data#SN_APPID
ADDED from src\main\AndroidManifest.xml:57:9-59:46
	android:value
		ADDED from src\main\AndroidManifest.xml:59:13-43
	android:name
		ADDED from src\main\AndroidManifest.xml:58:13-36
meta-data#SN_APPKEY
ADDED from src\main\AndroidManifest.xml:61:9-63:47
	android:value
		ADDED from src\main\AndroidManifest.xml:63:13-44
	android:name
		ADDED from src\main\AndroidManifest.xml:62:13-37
activity#com.umeng.socialize.media.WBShareCallBackActivity
ADDED from src\main\AndroidManifest.xml:68:9-72:40
	android:exported
		ADDED from src\main\AndroidManifest.xml:72:13-37
	android:configChanges
		ADDED from src\main\AndroidManifest.xml:70:13-63
	android:theme
		ADDED from src\main\AndroidManifest.xml:71:13-72
	android:name
		ADDED from src\main\AndroidManifest.xml:69:13-77
activity#com.sina.weibo.sdk.web.WeiboSdkWebActivity
ADDED from src\main\AndroidManifest.xml:74:9-77:58
	android:windowSoftInputMode
		ADDED from src\main\AndroidManifest.xml:77:13-55
	android:exported
		ADDED from src\main\AndroidManifest.xml:76:13-37
	android:configChanges
		ADDED from src\main\AndroidManifest.xml:75:13-63
	android:name
		ADDED from src\main\AndroidManifest.xml:74:19-76
activity#com.sina.weibo.sdk.share.WbShareTransActivity
ADDED from src\main\AndroidManifest.xml:79:9-87:20
	android:launchMode
		ADDED from src\main\AndroidManifest.xml:81:13-44
	android:theme
		ADDED from src\main\AndroidManifest.xml:80:13-83
	android:name
		ADDED from src\main\AndroidManifest.xml:82:13-73
intent-filter#action:name:com.sina.weibo.sdk.action.ACTION_SDK_REQ_ACTIVITY+category:name:android.intent.category.DEFAULT
ADDED from src\main\AndroidManifest.xml:83:13-86:29
action#com.sina.weibo.sdk.action.ACTION_SDK_REQ_ACTIVITY
ADDED from src\main\AndroidManifest.xml:84:17-92
	android:name
		ADDED from src\main\AndroidManifest.xml:84:25-89
category#android.intent.category.DEFAULT
ADDED from src\main\AndroidManifest.xml:85:17-76
	android:name
		ADDED from src\main\AndroidManifest.xml:85:27-73
activity#com.tencent.tauth.AuthActivity
ADDED from src\main\AndroidManifest.xml:90:9-100:20
	android:launchMode
		ADDED from src\main\AndroidManifest.xml:92:13-44
	android:noHistory
		ADDED from src\main\AndroidManifest.xml:93:13-37
	android:name
		ADDED from src\main\AndroidManifest.xml:91:13-58
intent-filter#action:name:android.intent.action.VIEW+category:name:android.intent.category.BROWSABLE+category:name:android.intent.category.DEFAULT+data:scheme:tencentQQ_APPID_VALUE
ADDED from src\main\AndroidManifest.xml:94:13-99:29
action#android.intent.action.VIEW
ADDED from src\main\AndroidManifest.xml:95:17-69
	android:name
		ADDED from src\main\AndroidManifest.xml:95:25-66
category#android.intent.category.BROWSABLE
ADDED from src\main\AndroidManifest.xml:97:17-78
	android:name
		ADDED from src\main\AndroidManifest.xml:97:27-75
data
ADDED from src\main\AndroidManifest.xml:98:17-95
	android:scheme
		ADDED from src\main\AndroidManifest.xml:98:23-61
	tools:ignore
		ADDED from src\main\AndroidManifest.xml:98:62-92
activity#com.tencent.connect.common.AssistActivity
ADDED from src\main\AndroidManifest.xml:102:9-105:76
	android:configChanges
		ADDED from src\main\AndroidManifest.xml:105:13-74
	android:theme
		ADDED from src\main\AndroidManifest.xml:104:13-72
	android:name
		ADDED from src\main\AndroidManifest.xml:103:13-69
activity#com.hjq.demo.wxapi.WXEntryActivity
ADDED from src\main\AndroidManifest.xml:108:9-112:75
	android:exported
		ADDED from src\main\AndroidManifest.xml:111:13-36
	android:configChanges
		ADDED from src\main\AndroidManifest.xml:110:13-74
	android:theme
		ADDED from src\main\AndroidManifest.xml:112:13-72
	android:name
		ADDED from src\main\AndroidManifest.xml:109:13-62
uses-sdk
INJECTED from src\main\AndroidManifest.xml reason: use-sdk injection requested
INJECTED from src\main\AndroidManifest.xml
INJECTED from src\main\AndroidManifest.xml
INJECTED from src\main\AndroidManifest.xml
INJECTED from src\main\AndroidManifest.xml
	android:targetSdkVersion
		INJECTED from src\main\AndroidManifest.xml
		ADDED from src\main\AndroidManifest.xml
		INJECTED from src\main\AndroidManifest.xml
	android:minSdkVersion
		INJECTED from src\main\AndroidManifest.xml
		ADDED from src\main\AndroidManifest.xml
		INJECTED from src\main\AndroidManifest.xml